{"C:\\PROJEKT\\InspectProjekt\\InspectApp\\mobileApp\\app\\profile\\index.tsx": {"path":"C:\\PROJEKT\\InspectProjekt\\InspectApp\\mobileApp\\app\\profile\\index.tsx","statementMap":{"0":{"start":{"line":13,"column":17},"end":{"line":13,"column":39}},"1":{"start":{"line":14,"column":19},"end":{"line":14,"column":58}},"2":{"start":{"line":16,"column":2},"end":{"line":22,"column":4}}},"fnMap":{"0":{"name":"ProfileScreen","decl":{"start":{"line":12,"column":24},"end":{"line":12,"column":37}},"loc":{"start":{"line":12,"column":40},"end":{"line":23,"column":1}},"line":12}},"branchMap":{"0":{"loc":{"start":{"line":14,"column":19},"end":{"line":14,"column":58}},"type":"cond-expr","locations":[{"start":{"line":14,"column":24},"end":{"line":14,"column":46}},{"start":{"line":14,"column":49},"end":{"line":14,"column":58}}],"line":14}},"s":{"0":1,"1":1,"2":1},"f":{"0":1},"b":{"0":[0,1]},"_coverageSchema":"1a1c01bbd47fc00a2c39e90264f33305004495a9","hash":"3e80fcbda7b2fae3d9bffa9c3fddd625c211cee9"}
,"C:\\PROJEKT\\InspectProjekt\\InspectApp\\mobileApp\\assets\\styles\\Profile\\profile-details.style.ts": {"path":"C:\\PROJEKT\\InspectProjekt\\InspectApp\\mobileApp\\assets\\styles\\Profile\\profile-details.style.ts","statementMap":{},"fnMap":{},"branchMap":{},"s":{},"f":{},"b":{},"_coverageSchema":"1a1c01bbd47fc00a2c39e90264f33305004495a9","hash":"90ce1a1a98eeaa5131a1896b82e245b56ba72556"}
,"C:\\PROJEKT\\InspectProjekt\\InspectApp\\mobileApp\\modules\\gamification\\contexts\\UserStatsContext.tsx": {"path":"C:\\PROJEKT\\InspectProjekt\\InspectApp\\mobileApp\\modules\\gamification\\contexts\\UserStatsContext.tsx","statementMap":{"0":{"start":{"line":12,"column":25},"end":{"line":12,"column":72}},"1":{"start":{"line":14,"column":33},"end":{"line":43,"column":1}},"2":{"start":{"line":15,"column":22},"end":{"line":15,"column":33}},"3":{"start":{"line":16,"column":28},"end":{"line":16,"column":39}},"4":{"start":{"line":17,"column":34},"end":{"line":17,"column":45}},"5":{"start":{"line":18,"column":32},"end":{"line":18,"column":47}},"6":{"start":{"line":20,"column":19},"end":{"line":25,"column":3}},"7":{"start":{"line":21,"column":4},"end":{"line":21,"column":48}},"8":{"start":{"line":21,"column":32},"end":{"line":21,"column":48}},"9":{"start":{"line":22,"column":4},"end":{"line":22,"column":57}},"10":{"start":{"line":22,"column":35},"end":{"line":22,"column":57}},"11":{"start":{"line":23,"column":4},"end":{"line":23,"column":66}},"12":{"start":{"line":23,"column":38},"end":{"line":23,"column":66}},"13":{"start":{"line":24,"column":4},"end":{"line":24,"column":63}},"14":{"start":{"line":24,"column":37},"end":{"line":24,"column":63}},"15":{"start":{"line":27,"column":2},"end":{"line":34,"column":9}},"16":{"start":{"line":28,"column":4},"end":{"line":33,"column":9}},"17":{"start":{"line":29,"column":23},"end":{"line":29,"column":60}},"18":{"start":{"line":30,"column":26},"end":{"line":30,"column":66}},"19":{"start":{"line":31,"column":6},"end":{"line":31,"column":53}},"20":{"start":{"line":31,"column":29},"end":{"line":31,"column":53}},"21":{"start":{"line":32,"column":6},"end":{"line":32,"column":62}},"22":{"start":{"line":32,"column":32},"end":{"line":32,"column":62}},"23":{"start":{"line":36,"column":2},"end":{"line":42,"column":4}},"24":{"start":{"line":45,"column":28},"end":{"line":50,"column":1}},"25":{"start":{"line":46,"column":18},"end":{"line":46,"column":46}},"26":{"start":{"line":47,"column":2},"end":{"line":48,"column":74}},"27":{"start":{"line":48,"column":4},"end":{"line":48,"column":74}},"28":{"start":{"line":49,"column":2},"end":{"line":49,"column":17}}},"fnMap":{"0":{"name":"(anonymous_0)","decl":{"start":{"line":14,"column":33},"end":{"line":14,"column":34}},"loc":{"start":{"line":14,"column":76},"end":{"line":43,"column":1}},"line":14},"1":{"name":"(anonymous_1)","decl":{"start":{"line":20,"column":19},"end":{"line":20,"column":20}},"loc":{"start":{"line":20,"column":50},"end":{"line":25,"column":3}},"line":20},"2":{"name":"(anonymous_2)","decl":{"start":{"line":27,"column":12},"end":{"line":27,"column":13}},"loc":{"start":{"line":27,"column":18},"end":{"line":34,"column":3}},"line":27},"3":{"name":"(anonymous_3)","decl":{"start":{"line":28,"column":5},"end":{"line":28,"column":6}},"loc":{"start":{"line":28,"column":17},"end":{"line":33,"column":5}},"line":28},"4":{"name":"(anonymous_4)","decl":{"start":{"line":45,"column":28},"end":{"line":45,"column":29}},"loc":{"start":{"line":45,"column":34},"end":{"line":50,"column":1}},"line":45}},"branchMap":{"0":{"loc":{"start":{"line":21,"column":4},"end":{"line":21,"column":48}},"type":"if","locations":[{"start":{"line":21,"column":4},"end":{"line":21,"column":48}},{"start":{},"end":{}}],"line":21},"1":{"loc":{"start":{"line":22,"column":4},"end":{"line":22,"column":57}},"type":"if","locations":[{"start":{"line":22,"column":4},"end":{"line":22,"column":57}},{"start":{},"end":{}}],"line":22},"2":{"loc":{"start":{"line":23,"column":4},"end":{"line":23,"column":66}},"type":"if","locations":[{"start":{"line":23,"column":4},"end":{"line":23,"column":66}},{"start":{},"end":{}}],"line":23},"3":{"loc":{"start":{"line":24,"column":4},"end":{"line":24,"column":63}},"type":"if","locations":[{"start":{"line":24,"column":4},"end":{"line":24,"column":63}},{"start":{},"end":{}}],"line":24},"4":{"loc":{"start":{"line":31,"column":6},"end":{"line":31,"column":53}},"type":"if","locations":[{"start":{"line":31,"column":6},"end":{"line":31,"column":53}},{"start":{},"end":{}}],"line":31},"5":{"loc":{"start":{"line":32,"column":6},"end":{"line":32,"column":62}},"type":"if","locations":[{"start":{"line":32,"column":6},"end":{"line":32,"column":62}},{"start":{},"end":{}}],"line":32},"6":{"loc":{"start":{"line":47,"column":2},"end":{"line":48,"column":74}},"type":"if","locations":[{"start":{"line":47,"column":2},"end":{"line":48,"column":74}},{"start":{},"end":{}}],"line":47}},"s":{"0":2,"1":2,"2":4,"3":4,"4":4,"5":4,"6":4,"7":1,"8":1,"9":1,"10":1,"11":1,"12":1,"13":1,"14":1,"15":4,"16":2,"17":2,"18":2,"19":2,"20":1,"21":2,"22":1,"23":4,"24":2,"25":7,"26":6,"27":2,"28":4},"f":{"0":4,"1":1,"2":2,"3":2,"4":7},"b":{"0":[1,0],"1":[1,0],"2":[1,0],"3":[1,0],"4":[1,1],"5":[1,1],"6":[2,4]},"_coverageSchema":"1a1c01bbd47fc00a2c39e90264f33305004495a9","hash":"b435341127e9d61245be25a3420ac72c874571e0"}
,"C:\\PROJEKT\\InspectProjekt\\InspectApp\\mobileApp\\modules\\gamification\\services\\AchievementService.ts": {"path":"C:\\PROJEKT\\InspectProjekt\\InspectApp\\mobileApp\\modules\\gamification\\services\\AchievementService.ts","statementMap":{"0":{"start":{"line":14,"column":37},"end":{"line":14,"column":39}},"1":{"start":{"line":16,"column":2},"end":{"line":16,"column":21}},"2":{"start":{"line":19,"column":13},"end":{"line":19,"column":33}},"3":{"start":{"line":20,"column":23},"end":{"line":24,"column":3}},"4":{"start":{"line":25,"column":34},"end":{"line":25,"column":36}},"5":{"start":{"line":26,"column":2},"end":{"line":28,"column":5}},"6":{"start":{"line":27,"column":4},"end":{"line":27,"column":36}},"7":{"start":{"line":29,"column":2},"end":{"line":29,"column":27}},"8":{"start":{"line":41,"column":24},"end":{"line":41,"column":25}},"9":{"start":{"line":42,"column":26},"end":{"line":42,"column":36}},"10":{"start":{"line":43,"column":24},"end":{"line":43,"column":45}},"11":{"start":{"line":46,"column":4},"end":{"line":46,"column":41}},"12":{"start":{"line":46,"column":29},"end":{"line":46,"column":41}},"13":{"start":{"line":47,"column":4},"end":{"line":47,"column":17}},"14":{"start":{"line":52,"column":24},"end":{"line":52,"column":25}},"15":{"start":{"line":53,"column":26},"end":{"line":53,"column":36}},"16":{"start":{"line":54,"column":24},"end":{"line":54,"column":45}},"17":{"start":{"line":57,"column":16},"end":{"line":57,"column":17}},"18":{"start":{"line":58,"column":4},"end":{"line":63,"column":5}},"19":{"start":{"line":59,"column":6},"end":{"line":59,"column":26}},"20":{"start":{"line":60,"column":6},"end":{"line":62,"column":7}},"21":{"start":{"line":61,"column":8},"end":{"line":61,"column":20}},"22":{"start":{"line":64,"column":4},"end":{"line":64,"column":17}},"23":{"start":{"line":69,"column":24},"end":{"line":69,"column":25}},"24":{"start":{"line":70,"column":26},"end":{"line":70,"column":36}},"25":{"start":{"line":71,"column":24},"end":{"line":71,"column":45}},"26":{"start":{"line":74,"column":16},"end":{"line":74,"column":17}},"27":{"start":{"line":75,"column":4},"end":{"line":80,"column":5}},"28":{"start":{"line":76,"column":6},"end":{"line":76,"column":26}},"29":{"start":{"line":77,"column":6},"end":{"line":79,"column":7}},"30":{"start":{"line":78,"column":8},"end":{"line":78,"column":20}},"31":{"start":{"line":81,"column":4},"end":{"line":81,"column":17}},"32":{"start":{"line":86,"column":24},"end":{"line":86,"column":25}},"33":{"start":{"line":87,"column":26},"end":{"line":87,"column":36}},"34":{"start":{"line":88,"column":24},"end":{"line":88,"column":45}},"35":{"start":{"line":91,"column":4},"end":{"line":91,"column":71}},"36":{"start":{"line":91,"column":35},"end":{"line":91,"column":69}},"37":{"start":{"line":96,"column":24},"end":{"line":96,"column":25}},"38":{"start":{"line":97,"column":26},"end":{"line":97,"column":36}},"39":{"start":{"line":98,"column":24},"end":{"line":98,"column":45}},"40":{"start":{"line":101,"column":4},"end":{"line":101,"column":71}},"41":{"start":{"line":101,"column":35},"end":{"line":101,"column":69}},"42":{"start":{"line":106,"column":24},"end":{"line":106,"column":25}},"43":{"start":{"line":107,"column":26},"end":{"line":107,"column":36}},"44":{"start":{"line":108,"column":24},"end":{"line":108,"column":45}},"45":{"start":{"line":111,"column":4},"end":{"line":111,"column":71}},"46":{"start":{"line":111,"column":35},"end":{"line":111,"column":69}},"47":{"start":{"line":116,"column":24},"end":{"line":116,"column":25}},"48":{"start":{"line":117,"column":26},"end":{"line":117,"column":36}},"49":{"start":{"line":118,"column":24},"end":{"line":118,"column":45}},"50":{"start":{"line":121,"column":4},"end":{"line":121,"column":44}},"51":{"start":{"line":121,"column":32},"end":{"line":121,"column":44}},"52":{"start":{"line":122,"column":4},"end":{"line":122,"column":17}},"53":{"start":{"line":127,"column":24},"end":{"line":127,"column":26}},"54":{"start":{"line":128,"column":26},"end":{"line":128,"column":36}},"55":{"start":{"line":129,"column":24},"end":{"line":129,"column":45}},"56":{"start":{"line":132,"column":4},"end":{"line":132,"column":53}},"57":{"start":{"line":132,"column":40},"end":{"line":132,"column":53}},"58":{"start":{"line":133,"column":4},"end":{"line":133,"column":16}},"59":{"start":{"line":138,"column":24},"end":{"line":138,"column":26}},"60":{"start":{"line":139,"column":26},"end":{"line":139,"column":36}},"61":{"start":{"line":140,"column":24},"end":{"line":140,"column":45}},"62":{"start":{"line":143,"column":4},"end":{"line":143,"column":51}},"63":{"start":{"line":143,"column":38},"end":{"line":143,"column":51}},"64":{"start":{"line":144,"column":4},"end":{"line":144,"column":16}},"65":{"start":{"line":149,"column":24},"end":{"line":149,"column":26}},"66":{"start":{"line":150,"column":26},"end":{"line":150,"column":36}},"67":{"start":{"line":151,"column":24},"end":{"line":151,"column":45}},"68":{"start":{"line":154,"column":16},"end":{"line":154,"column":17}},"69":{"start":{"line":155,"column":4},"end":{"line":160,"column":5}},"70":{"start":{"line":156,"column":6},"end":{"line":156,"column":26}},"71":{"start":{"line":157,"column":6},"end":{"line":159,"column":7}},"72":{"start":{"line":158,"column":8},"end":{"line":158,"column":20}},"73":{"start":{"line":161,"column":4},"end":{"line":161,"column":17}},"74":{"start":{"line":165,"column":26},"end":{"line":165,"column":28}},"75":{"start":{"line":166,"column":28},"end":{"line":166,"column":30}},"76":{"start":{"line":169,"column":2},"end":{"line":169,"column":21}},"77":{"start":{"line":172,"column":2},"end":{"line":172,"column":24}},"78":{"start":{"line":175,"column":2},"end":{"line":175,"column":44}},"79":{"start":{"line":175,"column":32},"end":{"line":175,"column":42}},"80":{"start":{"line":178,"column":65},"end":{"line":189,"column":1}},"81":{"start":{"line":194,"column":17},"end":{"line":194,"column":68}},"82":{"start":{"line":195,"column":13},"end":{"line":195,"column":33}},"83":{"start":{"line":196,"column":28},"end":{"line":205,"column":3}},"84":{"start":{"line":207,"column":25},"end":{"line":207,"column":63}},"85":{"start":{"line":207,"column":56},"end":{"line":207,"column":62}},"86":{"start":{"line":209,"column":2},"end":{"line":209,"column":28}},"87":{"start":{"line":211,"column":2},"end":{"line":215,"column":3}},"88":{"start":{"line":212,"column":4},"end":{"line":212,"column":35}},"89":{"start":{"line":213,"column":9},"end":{"line":215,"column":3}},"90":{"start":{"line":214,"column":4},"end":{"line":214,"column":40}},"91":{"start":{"line":217,"column":40},"end":{"line":217,"column":42}},"92":{"start":{"line":219,"column":2},"end":{"line":231,"column":5}},"93":{"start":{"line":220,"column":29},"end":{"line":220,"column":50}},"94":{"start":{"line":221,"column":4},"end":{"line":224,"column":5}},"95":{"start":{"line":222,"column":6},"end":{"line":222,"column":79}},"96":{"start":{"line":223,"column":6},"end":{"line":223,"column":13}},"97":{"start":{"line":225,"column":32},"end":{"line":225,"column":59}},"98":{"start":{"line":226,"column":4},"end":{"line":230,"column":5}},"99":{"start":{"line":227,"column":6},"end":{"line":229,"column":7}},"100":{"start":{"line":228,"column":8},"end":{"line":228,"column":69}},"101":{"start":{"line":233,"column":32},"end":{"line":233,"column":34}},"102":{"start":{"line":234,"column":16},"end":{"line":234,"column":17}},"103":{"start":{"line":236,"column":2},"end":{"line":250,"column":3}},"104":{"start":{"line":237,"column":4},"end":{"line":237,"column":45}},"105":{"start":{"line":238,"column":4},"end":{"line":238,"column":18}},"106":{"start":{"line":239,"column":15},"end":{"line":239,"column":35}},"107":{"start":{"line":240,"column":4},"end":{"line":249,"column":5}},"108":{"start":{"line":241,"column":6},"end":{"line":244,"column":8}},"109":{"start":{"line":248,"column":6},"end":{"line":248,"column":27}},"110":{"start":{"line":251,"column":2},"end":{"line":251,"column":44}},"111":{"start":{"line":255,"column":2},"end":{"line":266,"column":3}},"112":{"start":{"line":256,"column":19},"end":{"line":256,"column":70}},"113":{"start":{"line":257,"column":15},"end":{"line":257,"column":35}},"114":{"start":{"line":258,"column":25},"end":{"line":261,"column":5}},"115":{"start":{"line":263,"column":4},"end":{"line":263,"column":29}},"116":{"start":{"line":265,"column":4},"end":{"line":265,"column":25}},"117":{"start":{"line":270,"column":2},"end":{"line":281,"column":3}},"118":{"start":{"line":271,"column":19},"end":{"line":271,"column":70}},"119":{"start":{"line":272,"column":15},"end":{"line":272,"column":35}},"120":{"start":{"line":273,"column":26},"end":{"line":276,"column":5}},"121":{"start":{"line":278,"column":4},"end":{"line":278,"column":40}},"122":{"start":{"line":280,"column":4},"end":{"line":280,"column":25}}},"fnMap":{"0":{"name":"setAchievementsXp","decl":{"start":{"line":15,"column":9},"end":{"line":15,"column":26}},"loc":{"start":{"line":15,"column":50},"end":{"line":17,"column":1}},"line":15},"1":{"name":"getAchievementsXP","decl":{"start":{"line":18,"column":22},"end":{"line":18,"column":39}},"loc":{"start":{"line":18,"column":42},"end":{"line":30,"column":1}},"line":18},"2":{"name":"(anonymous_2)","decl":{"start":{"line":26,"column":23},"end":{"line":26,"column":24}},"loc":{"start":{"line":26,"column":32},"end":{"line":28,"column":3}},"line":26},"3":{"name":"(anonymous_3)","decl":{"start":{"line":45,"column":2},"end":{"line":45,"column":3}},"loc":{"start":{"line":45,"column":19},"end":{"line":48,"column":3}},"line":45},"4":{"name":"(anonymous_4)","decl":{"start":{"line":56,"column":2},"end":{"line":56,"column":3}},"loc":{"start":{"line":56,"column":19},"end":{"line":65,"column":3}},"line":56},"5":{"name":"(anonymous_5)","decl":{"start":{"line":73,"column":2},"end":{"line":73,"column":3}},"loc":{"start":{"line":73,"column":19},"end":{"line":82,"column":3}},"line":73},"6":{"name":"(anonymous_6)","decl":{"start":{"line":90,"column":2},"end":{"line":90,"column":3}},"loc":{"start":{"line":90,"column":19},"end":{"line":92,"column":3}},"line":90},"7":{"name":"(anonymous_7)","decl":{"start":{"line":91,"column":25},"end":{"line":91,"column":26}},"loc":{"start":{"line":91,"column":35},"end":{"line":91,"column":69}},"line":91},"8":{"name":"(anonymous_8)","decl":{"start":{"line":100,"column":2},"end":{"line":100,"column":3}},"loc":{"start":{"line":100,"column":19},"end":{"line":102,"column":3}},"line":100},"9":{"name":"(anonymous_9)","decl":{"start":{"line":101,"column":25},"end":{"line":101,"column":26}},"loc":{"start":{"line":101,"column":35},"end":{"line":101,"column":69}},"line":101},"10":{"name":"(anonymous_10)","decl":{"start":{"line":110,"column":2},"end":{"line":110,"column":3}},"loc":{"start":{"line":110,"column":19},"end":{"line":112,"column":3}},"line":110},"11":{"name":"(anonymous_11)","decl":{"start":{"line":111,"column":25},"end":{"line":111,"column":26}},"loc":{"start":{"line":111,"column":35},"end":{"line":111,"column":69}},"line":111},"12":{"name":"(anonymous_12)","decl":{"start":{"line":120,"column":2},"end":{"line":120,"column":3}},"loc":{"start":{"line":120,"column":19},"end":{"line":123,"column":3}},"line":120},"13":{"name":"(anonymous_13)","decl":{"start":{"line":131,"column":2},"end":{"line":131,"column":3}},"loc":{"start":{"line":131,"column":19},"end":{"line":134,"column":3}},"line":131},"14":{"name":"(anonymous_14)","decl":{"start":{"line":142,"column":2},"end":{"line":142,"column":3}},"loc":{"start":{"line":142,"column":19},"end":{"line":145,"column":3}},"line":142},"15":{"name":"(anonymous_15)","decl":{"start":{"line":153,"column":2},"end":{"line":153,"column":3}},"loc":{"start":{"line":153,"column":19},"end":{"line":162,"column":3}},"line":153},"16":{"name":"setRodReds","decl":{"start":{"line":168,"column":9},"end":{"line":168,"column":19}},"loc":{"start":{"line":168,"column":40},"end":{"line":170,"column":1}},"line":168},"17":{"name":"setKomentarsOpazanje","decl":{"start":{"line":171,"column":9},"end":{"line":171,"column":29}},"loc":{"start":{"line":171,"column":53},"end":{"line":173,"column":1}},"line":171},"18":{"name":"getRedsDiscovered","decl":{"start":{"line":174,"column":9},"end":{"line":174,"column":26}},"loc":{"start":{"line":174,"column":39},"end":{"line":176,"column":1}},"line":174},"19":{"name":"(anonymous_19)","decl":{"start":{"line":175,"column":22},"end":{"line":175,"column":23}},"loc":{"start":{"line":175,"column":32},"end":{"line":175,"column":42}},"line":175},"20":{"name":"checkAchievements","decl":{"start":{"line":191,"column":22},"end":{"line":191,"column":39}},"loc":{"start":{"line":193,"column":67},"end":{"line":252,"column":1}},"line":193},"21":{"name":"(anonymous_21)","decl":{"start":{"line":207,"column":47},"end":{"line":207,"column":48}},"loc":{"start":{"line":207,"column":56},"end":{"line":207,"column":62}},"line":207},"22":{"name":"(anonymous_22)","decl":{"start":{"line":219,"column":25},"end":{"line":219,"column":26}},"loc":{"start":{"line":219,"column":35},"end":{"line":231,"column":3}},"line":219},"23":{"name":"getDisctinctRodsForRed","decl":{"start":{"line":254,"column":22},"end":{"line":254,"column":44}},"loc":{"start":{"line":254,"column":47},"end":{"line":267,"column":1}},"line":254},"24":{"name":"getKomentarsForDistinctReds","decl":{"start":{"line":269,"column":22},"end":{"line":269,"column":49}},"loc":{"start":{"line":269,"column":52},"end":{"line":282,"column":1}},"line":269}},"branchMap":{"0":{"loc":{"start":{"line":46,"column":4},"end":{"line":46,"column":41}},"type":"if","locations":[{"start":{"line":46,"column":4},"end":{"line":46,"column":41}},{"start":{},"end":{}}],"line":46},"1":{"loc":{"start":{"line":60,"column":6},"end":{"line":62,"column":7}},"type":"if","locations":[{"start":{"line":60,"column":6},"end":{"line":62,"column":7}},{"start":{},"end":{}}],"line":60},"2":{"loc":{"start":{"line":77,"column":6},"end":{"line":79,"column":7}},"type":"if","locations":[{"start":{"line":77,"column":6},"end":{"line":79,"column":7}},{"start":{},"end":{}}],"line":77},"3":{"loc":{"start":{"line":91,"column":35},"end":{"line":91,"column":69}},"type":"binary-expr","locations":[{"start":{"line":91,"column":35},"end":{"line":91,"column":50}},{"start":{"line":91,"column":54},"end":{"line":91,"column":69}}],"line":91},"4":{"loc":{"start":{"line":101,"column":35},"end":{"line":101,"column":69}},"type":"binary-expr","locations":[{"start":{"line":101,"column":35},"end":{"line":101,"column":50}},{"start":{"line":101,"column":54},"end":{"line":101,"column":69}}],"line":101},"5":{"loc":{"start":{"line":111,"column":35},"end":{"line":111,"column":69}},"type":"binary-expr","locations":[{"start":{"line":111,"column":35},"end":{"line":111,"column":50}},{"start":{"line":111,"column":54},"end":{"line":111,"column":69}}],"line":111},"6":{"loc":{"start":{"line":121,"column":4},"end":{"line":121,"column":44}},"type":"if","locations":[{"start":{"line":121,"column":4},"end":{"line":121,"column":44}},{"start":{},"end":{}}],"line":121},"7":{"loc":{"start":{"line":132,"column":4},"end":{"line":132,"column":53}},"type":"if","locations":[{"start":{"line":132,"column":4},"end":{"line":132,"column":53}},{"start":{},"end":{}}],"line":132},"8":{"loc":{"start":{"line":143,"column":4},"end":{"line":143,"column":51}},"type":"if","locations":[{"start":{"line":143,"column":4},"end":{"line":143,"column":51}},{"start":{},"end":{}}],"line":143},"9":{"loc":{"start":{"line":157,"column":6},"end":{"line":159,"column":7}},"type":"if","locations":[{"start":{"line":157,"column":6},"end":{"line":159,"column":7}},{"start":{},"end":{}}],"line":157},"10":{"loc":{"start":{"line":211,"column":2},"end":{"line":215,"column":3}},"type":"if","locations":[{"start":{"line":211,"column":2},"end":{"line":215,"column":3}},{"start":{"line":213,"column":9},"end":{"line":215,"column":3}}],"line":211},"11":{"loc":{"start":{"line":213,"column":9},"end":{"line":215,"column":3}},"type":"if","locations":[{"start":{"line":213,"column":9},"end":{"line":215,"column":3}},{"start":{},"end":{}}],"line":213},"12":{"loc":{"start":{"line":221,"column":4},"end":{"line":224,"column":5}},"type":"if","locations":[{"start":{"line":221,"column":4},"end":{"line":224,"column":5}},{"start":{},"end":{}}],"line":221},"13":{"loc":{"start":{"line":226,"column":4},"end":{"line":230,"column":5}},"type":"if","locations":[{"start":{"line":226,"column":4},"end":{"line":230,"column":5}},{"start":{},"end":{}}],"line":226},"14":{"loc":{"start":{"line":227,"column":6},"end":{"line":229,"column":7}},"type":"if","locations":[{"start":{"line":227,"column":6},"end":{"line":229,"column":7}},{"start":{},"end":{}}],"line":227}},"s":{"0":2,"1":2,"2":2,"3":2,"4":2,"5":2,"6":5,"7":2,"8":1,"9":1,"10":1,"11":1,"12":1,"13":0,"14":1,"15":1,"16":1,"17":1,"18":1,"19":2,"20":2,"21":1,"22":0,"23":0,"24":0,"25":0,"26":0,"27":0,"28":0,"29":0,"30":0,"31":0,"32":1,"33":1,"34":1,"35":1,"36":3,"37":0,"38":0,"39":0,"40":0,"41":0,"42":0,"43":0,"44":0,"45":0,"46":0,"47":1,"48":1,"49":1,"50":0,"51":0,"52":0,"53":0,"54":0,"55":0,"56":0,"57":0,"58":0,"59":0,"60":0,"61":0,"62":0,"63":0,"64":0,"65":0,"66":0,"67":0,"68":0,"69":0,"70":0,"71":0,"72":0,"73":0,"74":2,"75":2,"76":2,"77":0,"78":0,"79":0,"80":2,"81":2,"82":2,"83":2,"84":2,"85":5,"86":2,"87":2,"88":2,"89":0,"90":0,"91":2,"92":2,"93":5,"94":5,"95":1,"96":1,"97":4,"98":4,"99":3,"100":3,"101":2,"102":2,"103":2,"104":3,"105":3,"106":3,"107":3,"108":3,"109":0,"110":2,"111":2,"112":2,"113":2,"114":2,"115":2,"116":0,"117":0,"118":0,"119":0,"120":0,"121":0,"122":0},"f":{"0":2,"1":2,"2":5,"3":1,"4":1,"5":0,"6":1,"7":3,"8":0,"9":0,"10":0,"11":0,"12":0,"13":0,"14":0,"15":0,"16":2,"17":0,"18":0,"19":0,"20":2,"21":5,"22":5,"23":2,"24":0},"b":{"0":[1,0],"1":[1,1],"2":[0,0],"3":[3,1],"4":[0,0],"5":[0,0],"6":[0,0],"7":[0,0],"8":[0,0],"9":[0,0],"10":[2,0],"11":[0,0],"12":[1,4],"13":[3,1],"14":[3,0]},"_coverageSchema":"1a1c01bbd47fc00a2c39e90264f33305004495a9","hash":"5639511f2d72ef548f1c7305477b58f7c47307c3"}
,"C:\\PROJEKT\\InspectProjekt\\InspectApp\\mobileApp\\modules\\gamification\\services\\LevelService.ts": {"path":"C:\\PROJEKT\\InspectProjekt\\InspectApp\\mobileApp\\modules\\gamification\\services\\LevelService.ts","statementMap":{"0":{"start":{"line":5,"column":17},"end":{"line":5,"column":68}},"1":{"start":{"line":6,"column":13},"end":{"line":6,"column":33}},"2":{"start":{"line":7,"column":17},"end":{"line":10,"column":3}},"3":{"start":{"line":12,"column":18},"end":{"line":12,"column":33}},"4":{"start":{"line":13,"column":2},"end":{"line":13,"column":54}},"5":{"start":{"line":15,"column":2},"end":{"line":15,"column":37}},"6":{"start":{"line":19,"column":13},"end":{"line":19,"column":33}},"7":{"start":{"line":20,"column":17},"end":{"line":23,"column":3}},"8":{"start":{"line":25,"column":21},"end":{"line":25,"column":39}},"9":{"start":{"line":26,"column":20},"end":{"line":26,"column":52}},"10":{"start":{"line":28,"column":21},"end":{"line":28,"column":26}},"11":{"start":{"line":29,"column":2},"end":{"line":36,"column":3}},"12":{"start":{"line":30,"column":4},"end":{"line":33,"column":7}},"13":{"start":{"line":34,"column":4},"end":{"line":34,"column":24}},"14":{"start":{"line":35,"column":4},"end":{"line":35,"column":29}},"15":{"start":{"line":38,"column":2},"end":{"line":38,"column":62}},"16":{"start":{"line":40,"column":2},"end":{"line":40,"column":79}}},"fnMap":{"0":{"name":"addXp","decl":{"start":{"line":4,"column":22},"end":{"line":4,"column":27}},"loc":{"start":{"line":4,"column":40},"end":{"line":16,"column":1}},"line":4},"1":{"name":"checkLevel","decl":{"start":{"line":18,"column":22},"end":{"line":18,"column":32}},"loc":{"start":{"line":18,"column":61},"end":{"line":41,"column":1}},"line":18}},"branchMap":{"0":{"loc":{"start":{"line":12,"column":18},"end":{"line":12,"column":33}},"type":"binary-expr","locations":[{"start":{"line":12,"column":18},"end":{"line":12,"column":28}},{"start":{"line":12,"column":32},"end":{"line":12,"column":33}}],"line":12},"1":{"loc":{"start":{"line":25,"column":21},"end":{"line":25,"column":39}},"type":"binary-expr","locations":[{"start":{"line":25,"column":21},"end":{"line":25,"column":34}},{"start":{"line":25,"column":38},"end":{"line":25,"column":39}}],"line":25},"2":{"loc":{"start":{"line":29,"column":2},"end":{"line":36,"column":3}},"type":"if","locations":[{"start":{"line":29,"column":2},"end":{"line":36,"column":3}},{"start":{},"end":{}}],"line":29}},"s":{"0":1,"1":1,"2":1,"3":1,"4":1,"5":1,"6":4,"7":4,"8":4,"9":4,"10":4,"11":4,"12":2,"13":2,"14":2,"15":4,"16":4},"f":{"0":1,"1":4},"b":{"0":[1,0],"1":[4,1],"2":[2,2]},"_coverageSchema":"1a1c01bbd47fc00a2c39e90264f33305004495a9","hash":"95ceb87f0503abcc072cfba77d9f59d9337b61a8"}
}
