TN:
SF:app\profile\index.tsx
FN:12,ProfileScreen
FNF:1
FNH:1
FNDA:1,ProfileScreen
DA:13,1
DA:14,1
DA:16,1
LF:3
LH:3
BRDA:14,0,0,0
BRDA:14,0,1,1
BRF:2
BRH:1
end_of_record
TN:
SF:assets\styles\Profile\profile-details.style.ts
FNF:0
FNH:0
LF:0
LH:0
BRF:0
BRH:0
end_of_record
TN:
SF:modules\gamification\contexts\UserStatsContext.tsx
FN:14,(anonymous_0)
FN:20,(anonymous_1)
FN:27,(anonymous_2)
FN:28,(anonymous_3)
FN:45,(anonymous_4)
FNF:5
FNH:5
FNDA:4,(anonymous_0)
FNDA:1,(anonymous_1)
FNDA:2,(anonymous_2)
FNDA:2,(anonymous_3)
FNDA:7,(anonymous_4)
DA:12,2
DA:14,2
DA:15,4
DA:16,4
DA:17,4
DA:18,4
DA:20,4
DA:21,1
DA:22,1
DA:23,1
DA:24,1
DA:27,4
DA:28,2
DA:29,2
DA:30,2
DA:31,2
DA:32,2
DA:36,4
DA:45,2
DA:46,7
DA:47,6
DA:48,2
DA:49,4
LF:23
LH:23
BRDA:21,0,0,1
BRDA:21,0,1,0
BRDA:22,1,0,1
BRDA:22,1,1,0
BRDA:23,2,0,1
BRDA:23,2,1,0
BRDA:24,3,0,1
BRDA:24,3,1,0
BRDA:31,4,0,1
BRDA:31,4,1,1
BRDA:32,5,0,1
BRDA:32,5,1,1
BRDA:47,6,0,2
BRDA:47,6,1,4
BRF:14
BRH:10
end_of_record
TN:
SF:modules\gamification\services\AchievementService.ts
FN:15,setAchievementsXp
FN:18,getAchievementsXP
FN:26,(anonymous_2)
FN:45,(anonymous_3)
FN:56,(anonymous_4)
FN:73,(anonymous_5)
FN:90,(anonymous_6)
FN:91,(anonymous_7)
FN:100,(anonymous_8)
FN:101,(anonymous_9)
FN:110,(anonymous_10)
FN:111,(anonymous_11)
FN:120,(anonymous_12)
FN:131,(anonymous_13)
FN:142,(anonymous_14)
FN:153,(anonymous_15)
FN:168,setRodReds
FN:171,setKomentarsOpazanje
FN:174,getRedsDiscovered
FN:175,(anonymous_19)
FN:191,checkAchievements
FN:207,(anonymous_21)
FN:219,(anonymous_22)
FN:254,getDisctinctRodsForRed
FN:269,getKomentarsForDistinctReds
FNF:25
FNH:12
FNDA:2,setAchievementsXp
FNDA:2,getAchievementsXP
FNDA:5,(anonymous_2)
FNDA:1,(anonymous_3)
FNDA:1,(anonymous_4)
FNDA:0,(anonymous_5)
FNDA:1,(anonymous_6)
FNDA:3,(anonymous_7)
FNDA:0,(anonymous_8)
FNDA:0,(anonymous_9)
FNDA:0,(anonymous_10)
FNDA:0,(anonymous_11)
FNDA:0,(anonymous_12)
FNDA:0,(anonymous_13)
FNDA:0,(anonymous_14)
FNDA:0,(anonymous_15)
FNDA:2,setRodReds
FNDA:0,setKomentarsOpazanje
FNDA:0,getRedsDiscovered
FNDA:0,(anonymous_19)
FNDA:2,checkAchievements
FNDA:5,(anonymous_21)
FNDA:5,(anonymous_22)
FNDA:2,getDisctinctRodsForRed
FNDA:0,getKomentarsForDistinctReds
DA:14,2
DA:16,2
DA:19,2
DA:20,2
DA:25,2
DA:26,2
DA:27,5
DA:29,2
DA:41,1
DA:42,1
DA:43,1
DA:46,1
DA:47,0
DA:52,1
DA:53,1
DA:54,1
DA:57,1
DA:58,1
DA:59,2
DA:60,2
DA:61,1
DA:64,0
DA:69,0
DA:70,0
DA:71,0
DA:74,0
DA:75,0
DA:76,0
DA:77,0
DA:78,0
DA:81,0
DA:86,1
DA:87,1
DA:88,1
DA:91,3
DA:96,0
DA:97,0
DA:98,0
DA:101,0
DA:106,0
DA:107,0
DA:108,0
DA:111,0
DA:116,1
DA:117,1
DA:118,1
DA:121,0
DA:122,0
DA:127,0
DA:128,0
DA:129,0
DA:132,0
DA:133,0
DA:138,0
DA:139,0
DA:140,0
DA:143,0
DA:144,0
DA:149,0
DA:150,0
DA:151,0
DA:154,0
DA:155,0
DA:156,0
DA:157,0
DA:158,0
DA:161,0
DA:165,2
DA:166,2
DA:169,2
DA:172,0
DA:175,0
DA:178,2
DA:194,2
DA:195,2
DA:196,2
DA:207,5
DA:209,2
DA:211,2
DA:212,2
DA:213,0
DA:214,0
DA:217,2
DA:219,2
DA:220,5
DA:221,5
DA:222,1
DA:223,1
DA:225,4
DA:226,4
DA:227,3
DA:228,3
DA:233,2
DA:234,2
DA:236,2
DA:237,3
DA:238,3
DA:239,3
DA:240,3
DA:241,3
DA:248,0
DA:251,2
DA:255,2
DA:256,2
DA:257,2
DA:258,2
DA:263,2
DA:265,0
DA:270,0
DA:271,0
DA:272,0
DA:273,0
DA:278,0
DA:280,0
LF:114
LH:62
BRDA:46,0,0,1
BRDA:46,0,1,0
BRDA:60,1,0,1
BRDA:60,1,1,1
BRDA:77,2,0,0
BRDA:77,2,1,0
BRDA:91,3,0,3
BRDA:91,3,1,1
BRDA:101,4,0,0
BRDA:101,4,1,0
BRDA:111,5,0,0
BRDA:111,5,1,0
BRDA:121,6,0,0
BRDA:121,6,1,0
BRDA:132,7,0,0
BRDA:132,7,1,0
BRDA:143,8,0,0
BRDA:143,8,1,0
BRDA:157,9,0,0
BRDA:157,9,1,0
BRDA:211,10,0,2
BRDA:211,10,1,0
BRDA:213,11,0,0
BRDA:213,11,1,0
BRDA:221,12,0,1
BRDA:221,12,1,4
BRDA:226,13,0,3
BRDA:226,13,1,1
BRDA:227,14,0,3
BRDA:227,14,1,0
BRF:30
BRH:11
end_of_record
TN:
SF:modules\gamification\services\LevelService.ts
FN:4,addXp
FN:18,checkLevel
FNF:2
FNH:2
FNDA:1,addXp
FNDA:4,checkLevel
DA:5,1
DA:6,1
DA:7,1
DA:12,1
DA:13,1
DA:15,1
DA:19,4
DA:20,4
DA:25,4
DA:26,4
DA:28,4
DA:29,4
DA:30,2
DA:34,2
DA:35,2
DA:38,4
DA:40,4
LF:17
LH:17
BRDA:12,0,0,1
BRDA:12,0,1,0
BRDA:25,1,0,4
BRDA:25,1,1,1
BRDA:29,2,0,2
BRDA:29,2,1,2
BRF:6
BRH:5
end_of_record
